生成启动时间为 2016/12/4 23:47:23。
     1>项目“G:\VisualStudio2013Projects\openglDemo1\openglDemo1\openglDemo1.vcxproj”在节点 2 上(Build 个目标)。
     1>ClCompile:
         E:\Program Files (x86)\Microsoft Visual Studio 12.0\VC\bin\CL.exe /c /ZI /nologo /W3 /WX- /sdl /Od /Oy- /D _MBCS /Gm /EHsc /RTC1 /MDd /GS /fp:precise /Zc:wchar_t /Zc:forScope /Fo"Debug\\" /Fd"Debug\vc120.pdb" /Gd /TP /analyze- /errorReport:prompt main.cpp
         main.cpp
     1>g:\visualstudio2013projects\opengldemo1\opengldemo1\glwork.h(85): warning C4244: “=”: 从“double”转换到“GLfloat”，可能丢失数据
     1>g:\visualstudio2013projects\opengldemo1\opengldemo1\glwork.h(86): warning C4244: “=”: 从“double”转换到“GLfloat”，可能丢失数据
     1>g:\visualstudio2013projects\opengldemo1\opengldemo1\glwork.h(90): warning C4244: “初始化”: 从“double”转换到“GLfloat”，可能丢失数据
     1>g:\visualstudio2013projects\opengldemo1\opengldemo1\glwork.h(91): warning C4244: “初始化”: 从“double”转换到“GLfloat”，可能丢失数据
     1>g:\visualstudio2013projects\opengldemo1\opengldemo1\glwork.h(93): warning C4244: “=”: 从“double”转换到“GLfloat”，可能丢失数据
     1>g:\visualstudio2013projects\opengldemo1\opengldemo1\glwork.h(94): warning C4244: “=”: 从“double”转换到“GLfloat”，可能丢失数据
     1>g:\visualstudio2013projects\opengldemo1\opengldemo1\glwork.h(102): warning C4244: “参数”: 从“double”转换到“GLfloat”，可能丢失数据
     1>g:\visualstudio2013projects\opengldemo1\opengldemo1\gltestwork.h(118): warning C4244: “初始化”: 从“double”转换到“GLfloat”，可能丢失数据
     1>g:\visualstudio2013projects\opengldemo1\opengldemo1\glworkfactory.h(41): warning C4715: “workCreater”: 不是所有的控件路径都返回值
       Link:
         E:\Program Files (x86)\Microsoft Visual Studio 12.0\VC\bin\link.exe /ERRORREPORT:PROMPT /OUT:"G:\VisualStudio2013Projects\openglDemo1\Debug\openglDemo1.exe" /INCREMENTAL /NOLOGO glew32s.lib glfw3.lib opengl32.lib soil.lib opencv_calib3d249d.lib opencv_contrib249d.lib opencv_core249d.lib opencv_features2d249d.lib opencv_flann249d.lib opencv_gpu249d.lib opencv_highgui249d.lib opencv_imgproc249d.lib opencv_legacy249d.lib opencv_ml249d.lib opencv_nonfree249d.lib opencv_objdetect249d.lib opencv_ocl249d.lib opencv_photo249d.lib opencv_stitching249d.lib opencv_superres249d.lib opencv_ts249d.lib opencv_video249d.lib opencv_videostab249d.lib opencv_calib3d249.lib opencv_contrib249.lib opencv_core249.lib opencv_features2d249.lib opencv_flann249.lib opencv_gpu249.lib opencv_highgui249.lib opencv_imgproc249.lib opencv_legacy249.lib opencv_ml249.lib opencv_nonfree249.lib opencv_objdetect249.lib opencv_ocl249.lib opencv_photo249.lib opencv_stitching249.lib opencv_superres249.lib opencv_ts249.lib opencv_video249.lib opencv_videostab249.lib kernel32.lib user32.lib gdi32.lib winspool.lib comdlg32.lib advapi32.lib shell32.lib ole32.lib oleaut32.lib uuid.lib odbc32.lib odbccp32.lib /MANIFEST /MANIFESTUAC:"level='asInvoker' uiAccess='false'" /manifest:embed /DEBUG /PDB:"G:\VisualStudio2013Projects\openglDemo1\Debug\openglDemo1.pdb" /TLBID:1 /DYNAMICBASE /NXCOMPAT /IMPLIB:"G:\VisualStudio2013Projects\openglDemo1\Debug\openglDemo1.lib" /MACHINE:X86 Debug\main.obj
         openglDemo1.vcxproj -> G:\VisualStudio2013Projects\openglDemo1\Debug\openglDemo1.exe
     1>已完成生成项目“G:\VisualStudio2013Projects\openglDemo1\openglDemo1\openglDemo1.vcxproj”(Build 个目标)的操作。

生成成功。

已用时间 00:00:01.75
